[0909/153144.758:ERROR:process_reader_win.cc(123)] NtOpenThread: {Access Denied} A process has requested access to an object, but has not been granted those access rights. (0xc0000022)
[0909/153144.760:ERROR:exception_snapshot_win.cc(98)] thread ID 13788 not found in process
[0909/153233.087:ERROR:process_reader_win.cc(123)] NtOpenThread: {Access Denied} A process has requested access to an object, but has not been granted those access rights. (0xc0000022)
[0909/153233.089:ERROR:exception_snapshot_win.cc(98)] thread ID 8832 not found in process
[0909/153314.696:ERROR:process_reader_win.cc(123)] NtOpenThread: {Access Denied} A process has requested access to an object, but has not been granted those access rights. (0xc0000022)
[0909/153314.698:ERROR:exception_snapshot_win.cc(98)] thread ID 9684 not found in process
[0909/153346.869:ERROR:process_reader_win.cc(123)] NtOpenThread: {Access Denied} A process has requested access to an object, but has not been granted those access rights. (0xc0000022)
[0909/153346.870:ERROR:exception_snapshot_win.cc(98)] thread ID 9524 not found in process
[0909/153501.615:ERROR:process_reader_win.cc(123)] NtOpenThread: {Access Denied} A process has requested access to an object, but has not been granted those access rights. (0xc0000022)
[0909/153501.616:ERROR:exception_snapshot_win.cc(98)] thread ID 13352 not found in process
[0909/153929.510:ERROR:process_reader_win.cc(123)] NtOpenThread: {Access Denied} A process has requested access to an object, but has not been granted those access rights. (0xc0000022)
[0909/153929.511:ERROR:exception_snapshot_win.cc(98)] thread ID 12220 not found in process
[0909/161655.981:ERROR:process_reader_win.cc(123)] NtOpenThread: {Access Denied} A process has requested access to an object, but has not been granted those access rights. (0xc0000022)
[0909/161655.987:ERROR:exception_snapshot_win.cc(98)] thread ID 15988 not found in process
[0909/170028.517:ERROR:process_reader_win.cc(123)] NtOpenThread: {Access Denied} A process has requested access to an object, but has not been granted those access rights. (0xc0000022)
[0909/170028.519:ERROR:exception_snapshot_win.cc(98)] thread ID 11288 not found in process
[0909/171528.069:ERROR:process_reader_win.cc(123)] NtOpenThread: {Access Denied} A process has requested access to an object, but has not been granted those access rights. (0xc0000022)
[0909/171528.076:ERROR:exception_snapshot_win.cc(98)] thread ID 17168 not found in process
[0909/171607.328:ERROR:process_reader_win.cc(123)] NtOpenThread: {Access Denied} A process has requested access to an object, but has not been granted those access rights. (0xc0000022)
[0909/171607.329:ERROR:exception_snapshot_win.cc(98)] thread ID 808 not found in process
[0909/171752.202:ERROR:process_reader_win.cc(123)] NtOpenThread: {Access Denied} A process has requested access to an object, but has not been granted those access rights. (0xc0000022)
[0909/171752.205:ERROR:exception_snapshot_win.cc(98)] thread ID 2148 not found in process
[0909/172119.952:ERROR:process_reader_win.cc(123)] NtOpenThread: {Access Denied} A process has requested access to an object, but has not been granted those access rights. (0xc0000022)
[0909/172119.954:ERROR:exception_snapshot_win.cc(98)] thread ID 10032 not found in process
[0909/173610.844:ERROR:process_reader_win.cc(123)] NtOpenThread: {Access Denied} A process has requested access to an object, but has not been granted those access rights. (0xc0000022)
[0909/173610.846:ERROR:exception_snapshot_win.cc(98)] thread ID 8444 not found in process
[0910/122118.273:ERROR:process_reader_win.cc(123)] NtOpenThread: {Access Denied} A process has requested access to an object, but has not been granted those access rights. (0xc0000022)
[0910/122118.276:ERROR:exception_snapshot_win.cc(98)] thread ID 11940 not found in process
[0910/122307.376:ERROR:process_reader_win.cc(123)] NtOpenThread: {Access Denied} A process has requested access to an object, but has not been granted those access rights. (0xc0000022)
[0910/122307.377:ERROR:exception_snapshot_win.cc(98)] thread ID 4164 not found in process
[0910/122418.986:ERROR:process_reader_win.cc(123)] NtOpenThread: {Access Denied} A process has requested access to an object, but has not been granted those access rights. (0xc0000022)
[0910/122418.987:ERROR:exception_snapshot_win.cc(98)] thread ID 12412 not found in process
[0910/122514.821:ERROR:process_reader_win.cc(123)] NtOpenThread: {Access Denied} A process has requested access to an object, but has not been granted those access rights. (0xc0000022)
[0910/122514.823:ERROR:exception_snapshot_win.cc(98)] thread ID 6352 not found in process
[0910/122902.216:ERROR:process_info.cc(329)] VirtualQueryEx: Access is denied. (0x5)
[0910/122902.217:ERROR:process_info.cc(556)] ReadMemoryInfo failed
[0910/122902.217:ERROR:process_memory_win.cc(39)] Failed to initialize ProcessInfo.
[0910/122902.217:ERROR:scoped_process_suspend.cc(40)] NtResumeProcess: An attempt was made to access an exiting process. (0xc000010a)
[0910/124109.921:ERROR:process_info.cc(329)] VirtualQueryEx: Access is denied. (0x5)
[0910/124109.922:ERROR:process_info.cc(556)] ReadMemoryInfo failed
[0910/124109.922:ERROR:process_memory_win.cc(39)] Failed to initialize ProcessInfo.
[0910/124109.922:ERROR:scoped_process_suspend.cc(40)] NtResumeProcess: An attempt was made to access an exiting process. (0xc000010a)
[0910/124503.858:ERROR:process_info.cc(329)] VirtualQueryEx: Access is denied. (0x5)
[0910/124503.858:ERROR:process_info.cc(556)] ReadMemoryInfo failed
[0910/124503.858:ERROR:process_memory_win.cc(39)] Failed to initialize ProcessInfo.
[0910/124503.859:ERROR:scoped_process_suspend.cc(40)] NtResumeProcess: An attempt was made to access an exiting process. (0xc000010a)
[0910/124837.274:ERROR:process_info.cc(329)] VirtualQueryEx: Access is denied. (0x5)
[0910/124837.275:ERROR:process_info.cc(556)] ReadMemoryInfo failed
[0910/124837.275:ERROR:process_memory_win.cc(39)] Failed to initialize ProcessInfo.
[0910/124837.275:ERROR:scoped_process_suspend.cc(40)] NtResumeProcess: An attempt was made to access an exiting process. (0xc000010a)
[0910/125422.230:ERROR:process_info.cc(329)] VirtualQueryEx: Access is denied. (0x5)
[0910/125422.231:ERROR:process_info.cc(556)] ReadMemoryInfo failed
[0910/125422.231:ERROR:process_memory_win.cc(39)] Failed to initialize ProcessInfo.
[0910/125422.231:ERROR:scoped_process_suspend.cc(40)] NtResumeProcess: An attempt was made to access an exiting process. (0xc000010a)
[0910/125526.292:ERROR:process_info.cc(329)] VirtualQueryEx: Access is denied. (0x5)
[0910/125526.293:ERROR:process_info.cc(556)] ReadMemoryInfo failed
[0910/125526.293:ERROR:process_memory_win.cc(39)] Failed to initialize ProcessInfo.
[0910/125526.293:ERROR:scoped_process_suspend.cc(40)] NtResumeProcess: An attempt was made to access an exiting process. (0xc000010a)
[0910/125615.057:ERROR:process_info.cc(329)] VirtualQueryEx: Access is denied. (0x5)
[0910/125615.059:ERROR:process_info.cc(556)] ReadMemoryInfo failed
[0910/125615.059:ERROR:process_memory_win.cc(39)] Failed to initialize ProcessInfo.
[0910/125615.060:ERROR:scoped_process_suspend.cc(40)] NtResumeProcess: An attempt was made to access an exiting process. (0xc000010a)
[0910/130034.230:ERROR:process_reader_win.cc(151)] SuspendThread: Access is denied. (0x5)
[0910/130034.231:ERROR:process_reader_win.cc(123)] NtOpenThread: {Access Denied} A process has requested access to an object, but has not been granted those access rights. (0xc0000022)
[0910/130034.232:ERROR:exception_snapshot_win.cc(98)] thread ID 12296 not found in process
[0910/130227.776:ERROR:process_info.cc(329)] VirtualQueryEx: Access is denied. (0x5)
[0910/130227.777:ERROR:process_info.cc(556)] ReadMemoryInfo failed
[0910/130227.777:ERROR:process_memory_win.cc(39)] Failed to initialize ProcessInfo.
[0910/130227.777:ERROR:scoped_process_suspend.cc(40)] NtResumeProcess: An attempt was made to access an exiting process. (0xc000010a)
[0910/130518.808:ERROR:process_info.cc(329)] VirtualQueryEx: Access is denied. (0x5)
[0910/130518.808:ERROR:process_info.cc(556)] ReadMemoryInfo failed
[0910/130518.808:ERROR:process_memory_win.cc(39)] Failed to initialize ProcessInfo.
[0910/130518.809:ERROR:scoped_process_suspend.cc(40)] NtResumeProcess: An attempt was made to access an exiting process. (0xc000010a)
[0910/130816.754:ERROR:process_info.cc(329)] VirtualQueryEx: Access is denied. (0x5)
[0910/130816.754:ERROR:process_info.cc(556)] ReadMemoryInfo failed
[0910/130816.754:ERROR:process_memory_win.cc(39)] Failed to initialize ProcessInfo.
[0910/130816.754:ERROR:scoped_process_suspend.cc(40)] NtResumeProcess: An attempt was made to access an exiting process. (0xc000010a)
[0910/131529.320:ERROR:process_reader_win.cc(123)] NtOpenThread: {Access Denied} A process has requested access to an object, but has not been granted those access rights. (0xc0000022)
[0910/131529.320:ERROR:exception_snapshot_win.cc(98)] thread ID 10180 not found in process
[0910/131655.246:ERROR:process_info.cc(329)] VirtualQueryEx: Access is denied. (0x5)
[0910/131655.247:ERROR:process_info.cc(556)] ReadMemoryInfo failed
[0910/131655.247:ERROR:process_memory_win.cc(39)] Failed to initialize ProcessInfo.
[0910/131655.247:ERROR:scoped_process_suspend.cc(40)] NtResumeProcess: An attempt was made to access an exiting process. (0xc000010a)
[0910/131749.516:ERROR:process_info.cc(329)] VirtualQueryEx: Access is denied. (0x5)
[0910/131749.516:ERROR:process_info.cc(556)] ReadMemoryInfo failed
[0910/131749.517:ERROR:process_memory_win.cc(39)] Failed to initialize ProcessInfo.
[0910/131749.517:ERROR:scoped_process_suspend.cc(40)] NtResumeProcess: An attempt was made to access an exiting process. (0xc000010a)
[0910/131813.328:ERROR:process_info.cc(329)] VirtualQueryEx: Access is denied. (0x5)
[0910/131813.329:ERROR:process_info.cc(556)] ReadMemoryInfo failed
[0910/131813.329:ERROR:process_memory_win.cc(39)] Failed to initialize ProcessInfo.
[0910/131813.329:ERROR:scoped_process_suspend.cc(40)] NtResumeProcess: An attempt was made to access an exiting process. (0xc000010a)
[0910/153853.397:ERROR:process_reader_win.cc(123)] NtOpenThread: {Access Denied} A process has requested access to an object, but has not been granted those access rights. (0xc0000022)
[0910/153853.405:ERROR:exception_snapshot_win.cc(98)] thread ID 6684 not found in process
[0910/154209.670:ERROR:process_reader_win.cc(123)] NtOpenThread: {Access Denied} A process has requested access to an object, but has not been granted those access rights. (0xc0000022)
[0910/154209.671:ERROR:exception_snapshot_win.cc(98)] thread ID 10060 not found in process
[0910/155313.507:ERROR:process_reader_win.cc(123)] NtOpenThread: {Access Denied} A process has requested access to an object, but has not been granted those access rights. (0xc0000022)
[0910/155313.508:ERROR:exception_snapshot_win.cc(98)] thread ID 4300 not found in process
[0910/163236.388:ERROR:process_reader_win.cc(123)] NtOpenThread: {Access Denied} A process has requested access to an object, but has not been granted those access rights. (0xc0000022)
[0910/163236.404:ERROR:exception_snapshot_win.cc(98)] thread ID 10576 not found in process
[0910/165009.680:ERROR:process_reader_win.cc(123)] NtOpenThread: {Access Denied} A process has requested access to an object, but has not been granted those access rights. (0xc0000022)
[0910/165009.681:ERROR:exception_snapshot_win.cc(98)] thread ID 14036 not found in process
[0910/170132.731:ERROR:process_reader_win.cc(123)] NtOpenThread: {Access Denied} A process has requested access to an object, but has not been granted those access rights. (0xc0000022)
[0910/170132.732:ERROR:exception_snapshot_win.cc(98)] thread ID 15392 not found in process
[0910/170455.126:ERROR:process_reader_win.cc(123)] NtOpenThread: {Access Denied} A process has requested access to an object, but has not been granted those access rights. (0xc0000022)
[0910/170455.127:ERROR:exception_snapshot_win.cc(98)] thread ID 4520 not found in process
[0910/170828.122:ERROR:process_reader_win.cc(123)] NtOpenThread: {Access Denied} A process has requested access to an object, but has not been granted those access rights. (0xc0000022)
[0910/170828.123:ERROR:exception_snapshot_win.cc(98)] thread ID 9688 not found in process
[0910/170901.703:ERROR:process_reader_win.cc(123)] NtOpenThread: {Access Denied} A process has requested access to an object, but has not been granted those access rights. (0xc0000022)
[0910/170901.704:ERROR:exception_snapshot_win.cc(98)] thread ID 11528 not found in process
[0911/093843.045:ERROR:process_reader_win.cc(123)] NtOpenThread: {Access Denied} A process has requested access to an object, but has not been granted those access rights. (0xc0000022)
[0911/093843.047:ERROR:exception_snapshot_win.cc(98)] thread ID 13328 not found in process
